2 96
96
1 96
1 96
2 96
96
1 96
2 96
96
1 96
1 96
2 96
96
1 96
2 96
96
1 96
1 96
2 96
96
1 9
2 9
9
1 96
1 96
2 96
96
1 96
1 96
2 96
96
1 8
1 8
8
1 96
2 96
96
1 96
1 96
2 96
96
1 1
2 9
9
2 9
9
1 8
1 8
8
1 8
1 8
2 8
8
2 7
7
1 8
1 96
96
1 1
1
1 96
1 96
2 96
96
1 96
2 96
96
1 96
1 96
96
2 7
7
1 9
2 9
9
1 8
1 9
2 9
9
1 96
96
1 8
1 8
8
1 96
1 96
2 96
96
1 2
1 2
2 6
6
1 8
8
1 96
1 96
2 96
96
1 9
9
1 2
1 9
9
1 9
2 9
9
1 8
2 8
8
1 8
1 8
2 9
9
2 9
9
1 8
1 8
2 8
8
1 8
8
1 6
1 8
2 8
8
1 8
8
1 8
1 8
8
1 4
4
2 9
9
1 6
2 9
9
1 8
2 9
9
2 9
9
1 2
2
