1 92
1 94
1 94
1 95
95
1 97
2 97
97
1 96
1 96
1 99
99
2 98
98
1 35
35
1 96
1 96
1 99
99
1 91
2 96
96
1 96
1 99
1 99
2 99
99
1 96
1 96
1 96
96
1 98
1 98
98
1 92
1 97
2 97
97
1 94
1 94
1 94
94
1 25
1 96
2 96
96
2 93
93
1 96
2 96
96
1 99
1 99
2 99
99
1 94
1 94
2 96
96
2 93
93
1 95
1 95
1 95
1 95
95
1 91
1 91
1 91
2 91
91
2 44
44
1 25
2 93
93
1 98
1 98
98
1 5
2 96
96
1 96
1 96
1 98
98
2 96
96
1 91
1 99
1 99
2 99
99
1 12
1 47
2 47
47
1 98
1 98
1 98
2 98
98
1 91
1 95
1 95
95
1 25
1 25
2 93
93
1 94
1 94
1 94
2 94
94
1 94
1 94
1 95
95
1 22
1 95
2 95
95
1 23
1 23
2 93
93
1 33
1 96
1 99
99
2 96
96
1 91
1 91
1 95
95
1 98
1 98
1 98
1 98
98
1 96
1 96
1 96
2 96
96
1 95
2 95
95
1 94
1 94
1 94
2 94
94
1 98
1 98
2 98
98
