99664
97106
98869
99664
99664
98700
98700
97024
95696
97736
98869
97736
97024
98434
95696
96678
95496
97024
96678
95696
98434
98869
96478
99548
99548
99702
99664
97736
98304
99664
90875
94414
99702
95696
97024
98700
98620
98700
99664
98304
97736
98620
97522
92764
97024
99860
99384
98150
98150
98150
96936
99047
99840
99840
93313
97266
96288
99047
99840
96717
96717
98531
92560
96936
96936
96717
96717
98150
93654
96035
96035
99152
99590
99590
95792
98944
96936
96717
99152
13
96717
97480
98150
90992
98150
97480
98150
96717
96717
96936
94510
99840
99384
98150
98150
98150
96936
99047
99840
99840
93313
97266
96288
99047
99840
96717
96717
98531
92560
96936
96936
96717
96717
98150
93654
96035
96035
99152
99590
99590
95792
98944
96936
96717
99152
13
96717
97480
98150
90992
98150
97480
98150
96717
96717
96936
94510
99840
99384
98150
98150
98150
96936
99047
99840
99840
93313
97266
96288
99047
99840
96717
96717
98531
92560
96936
96936
96717
96717
98150
93654
96035
96035
99152
99590
99590
95792
98944
96936
96717
99152
13
96717
97480
98150
90992
98150
97480
98150
96717
96717
96936
94510
99840
99384
98150
98150
98150
96936
99047
99840
99840
93313
97266
96288
99047
99840
96717
96717
98531
92560
96936
96936
96717
96717
98150
93654
96035
96035
99152
99590
99590
95792
98944
96936
96717
99152
13
96717
97480
98150
90992
98150
97480
98150
96717
96717
96936
94510
99840
99384
98150
98150
98150
96936
99047
99840
99840
93313
97266
96288
99047
99840
96717
96717
98531
92560
96936
96936
96717
96717
98150
93654
96035
96035
99152
99590
99590
95792
98944
96936
96717
99152
13
96717
97480
98150
90992
98150
97480
98150
96717
96717
96936
94510
99840
99384
98150
98150
98150
96936
99047
99840
99840
93313
97266
96288
99047
99840
96717
96717
98531
92560
96936
96936
96717
96717
98150
93654
96035
96035
99152
99590
99590
95792
98944
96936
96717
99152
13
96717
97480
98150
90992
98150
97480
98150
96717
96717
96936
94510
99840
99384
98150
98150
98150
96936
99047
99840
99840
93313
97266
96288
99047
99840
96717
96717
98531
92560
96936
96936
96717
96717
98150
93654
96035
96035
99152
99590
99590
95792
98944
96936
96717
99152
13
96717
97480
98150
90992
98150
97480
98150
96717
96717
96936
94510
99840
99384
98150
98150
98150
96936
99047
99840
99840
93313
97266
96288
99047
99840
96717
96717
98531
92560
96936
96936
96717
96717
98150
93654
96035
96035
99152
99590
99590
95792
98944
96936
96717
99152
13
96717
97480
98150
90992
98150
97480
98150
96717
96717
96936
94510
99840
99384
98150
98150
98150
96936
99047
99840
99840
93313
97266
96288
99047
99840
96717
96717
98531
92560
96936
96936
96717
96717
98150
93654
96035
96035
99152
99590
99590
95792
98944
96936
96717
99152
13
96717
97480
98150
90992
98150
97480
98150
96717
96717
96936
94510
99840
99384
98150
98150
98150
96936
99047
99840
99840
93313
97266
96288
99047
99840
96717
96717
98531
92560
96936
96936
96717
96717
98150
93654
96035
96035
99152
99590
99590
95792
98944
96936
96717
99152
13
96717
97480
98150
90992
98150
97480
98150
96717
96717
96936
94510
99840
99384
98150
98150
98150
96936
99047
99840
99840
93313
97266
96288
99047
99840
96717
96717
98531
92560
96936
96936
96717
96717
98150
93654
96035
96035
99152
99590
99590
95792
98944
96936
96717
99152
13
96717
97480
98150
90992
98150
97480
98150
96717
96717
96936
94510
99840
99384
98150
98150
98150
96936
99047
99840
99840
93313
97266
96288
99047
99840
96717
96717
98531
92560
96936
96936
96717
96717
98150
93654
96035
96035
99152
99590
99590
95792
98944
96936
96717
99152
13
96717
97480
98150
90992
98150
97480
98150
96717
96717
96936
94510
99840
99384
98150
98150
98150
96936
99047
99840
99840
93313
97266
96288
99047
99840
96717
96717
98531
92560
96936
96936
96717
96717
98150
93654
96035
96035
99152
99590
99590
95792
98944
96936
96717
99152
13
96717
97480
98150
90992
98150
97480
98150
96717
96717
96936
94510
99840
99384
98150
98150
98150
96936
99047
99840
99840
93313
97266
96288
99047
99840
96717
96717
98531
92560
96936
96936
96717
96717
98150
93654
96035
96035
99152
99590
99590
95792
98944
96936
96717
99152
13
96717
97480
98150
90992
98150
97480
98150
96717
96717
96936
94510
99840
99384
98150
98150
98150
96936
99047
99840
99840
93313
97266
96288
99047
99840
96717
96717
98531
92560
96936
96936
96717
96717
98150
93654
96035
96035
99152
99590
99590
95792
98944
96936
96717
99152
13
96717
97480
98150
90992
98150
97480
98150
96717
96717
96936
94510
99840
99384
98150
98150
98150
96936
99047
99840
99840
93313
97266
96288
99047
99840
96717
96717
98531
92560
96936
96936
96717
96717
98150
93654
96035
96035
99152
99590
99590
95792
98944
96936
96717
99152
13
96717
97480
98150
90992
98150
97480
98150
96717
96717
96936
94510
99840
99384
98150
98150
98150
96936
99047
99840
99840
93313
97266
96288
99047
99840
96717
96717
98531
92560
96936
96936
96717
96717
98150
93654
96035
96035
99152
99590
99590
95792
98944
96936
96717
99152
13
96717
97480
98150
90992
98150
97480
98150
96717
96717
96936
94510
99840
99384
98150
98150
98150
96936
99047
99840
99840
93313
97266
96288
99047
99840
96717
96717
98531
92560
96936
96936
96717
96717
98150
93654
96035
96035
99152
99590
99590
95792
98944
96936
96717
99152
13
96717
97480
98150
90992
98150
97480
98150
96717
96717
96936
94510
99840
99384
98150
98150
98150
96936
99047
99840
99840
93313
97266
96288
99047
99840
96717
96717
98531
92560
96936
96936
96717
96717
98150
93654
96035
96035
99152
99590
99590
95792
98944
96936
96717
99152
13
96717
97480
98150
90992
98150
97480
98150
96717
96717
96936
94510
99840
